<?xml version="1.0" encoding="utf-8"?><testsuites name="pytest tests"><testsuite name="pytest" errors="0" failures="0" skipped="0" tests="13" time="47.385" timestamp="2026-08-16T17:16:43.081665+00:00" hostname="agent-env-6beb59ac-6ec1-49c3-905c-2a72846353be"><testcase classname="tests.test_tunaide_api.TestHealth" name="test_root_ok" time="0.133" /><testcase classname="tests.test_tunaide_api.TestAuth" name="test_register_returns_token_and_user" time="0.273" /><testcase classname="tests.test_tunaide_api.TestAuth" name="test_register_duplicate_email_409" time="0.042" /><testcase classname="tests.test_tunaide_api.TestAuth" name="test_login_valid" time="0.265" /><testcase classname="tests.test_tunaide_api.TestAuth" name="test_login_wrong_password_401" time="0.264" /><testcase classname="tests.test_tunaide_api.TestAuth" name="test_me_with_token" time="0.043" /><testcase classname="tests.test_tunaide_api.TestAuth" name="test_me_no_token_401" time="0.043" /><testcase classname="tests.test_tunaide_api.TestAuth" name="test_me_bad_token_401" time="0.042" /><testcase classname="tests.test_tunaide_api.TestUploads" name="test_upload_requires_auth" time="0.055" /><testcase classname="tests.test_tunaide_api.TestUploads" name="test_upload_success_returns_upload_and_transcription_id" time="0.300" /><testcase classname="tests.test_tunaide_api.TestUploads" name="test_list_uploads_scrubbed" time="0.044" /><testcase classname="tests.test_tunaide_api.TestTranscriptions" name="test_list_transcriptions_scrubbed" time="0.044" /><testcase classname="tests.test_tunaide_api.TestTranscriptions" name="test_processing_flips_to_complete" time="45.782" /></testsuite></testsuites>